  main.cpp
  ofApp.cpp
  ofxBaseGui.cpp
  ofxButton.cpp
  Unknown compiler version - please run the configure tests and report the results
  Unknown compiler version - please run the configure tests and report the results
  Unknown compiler version - please run the configure tests and report the results
  Unknown compiler version - please run the configure tests and report the results
  ofxGuiGroup.cpp
  ofxLabel.cpp
  Unknown compiler version - please run the configure tests and report the results
  ofxPanel.cpp
  ofxSlider.cpp
  Unknown compiler version - please run the configure tests and report the results
  Unknown compiler version - please run the configure tests and report the results
  Unknown compiler version - please run the configure tests and report the results
  ofxSliderGroup.cpp
  ofxToggle.cpp
  Unknown compiler version - please run the configure tests and report the results
  Unknown compiler version - please run the configure tests and report the results
     Creating library bin\final-project-rmiriyala_debug.lib and object bin\final-project-rmiriyala_debug.exp
  final-project-rmiriyala.vcxproj -> C:\Users\Rahul\OpenFrameworks\of_v0.9.8_vs_release\apps\myApps\final-project-rmiriyala\bin\final-project-rmiriyala_debug.exe
  
  	                   9	C:\Users\Rahul\OpenFrameworks\of_v0.9.8_vs_release\export\vs\Win32\
  	    New File  		 2939392	C:\Users\Rahul\OpenFrameworks\of_v0.9.8_vs_release\export\vs\Win32\assimp.dll
  	    New File  		 1266176	C:\Users\Rahul\OpenFrameworks\of_v0.9.8_vs_release\export\vs\Win32\fmodex.dll
  	    New File  		 1312768	C:\Users\Rahul\OpenFrameworks\of_v0.9.8_vs_release\export\vs\Win32\fmodexL.dll
  	    New File  		 5647872	C:\Users\Rahul\OpenFrameworks\of_v0.9.8_vs_release\export\vs\Win32\FreeImage.dll
  	    New File  		  580608	C:\Users\Rahul\OpenFrameworks\of_v0.9.8_vs_release\export\vs\Win32\freetype.dll
  	    New File  		  237568	C:\Users\Rahul\OpenFrameworks\of_v0.9.8_vs_release\export\vs\Win32\glut32.dll
  	    New File  		 1178624	C:\Users\Rahul\OpenFrameworks\of_v0.9.8_vs_release\export\vs\Win32\libeay32.dll
  	    New File  		  269824	C:\Users\Rahul\OpenFrameworks\of_v0.9.8_vs_release\export\vs\Win32\ssleay32.dll
  	    New File  		   69632	C:\Users\Rahul\OpenFrameworks\of_v0.9.8_vs_release\export\vs\Win32\Zlib.dll
