c:\users\rahul\openframeworks\of_v0.9.8_vs_release\apps\myapps\final-project-rmiriyala\obj\release\ofxbutton.obj
c:\users\rahul\openframeworks\of_v0.9.8_vs_release\apps\myapps\final-project-rmiriyala\obj\release\ofxguigroup.obj
c:\users\rahul\openframeworks\of_v0.9.8_vs_release\apps\myapps\final-project-rmiriyala\obj\release\main.obj
c:\users\rahul\openframeworks\of_v0.9.8_vs_release\apps\myapps\final-project-rmiriyala\obj\release\ofxpanel.obj
c:\users\rahul\openframeworks\of_v0.9.8_vs_release\apps\myapps\final-project-rmiriyala\obj\release\ofxtoggle.obj
c:\users\rahul\openframeworks\of_v0.9.8_vs_release\apps\myapps\final-project-rmiriyala\obj\release\ofxbasegui.obj
c:\users\rahul\openframeworks\of_v0.9.8_vs_release\apps\myapps\final-project-rmiriyala\obj\release\ofxlabel.obj
c:\users\rahul\openframeworks\of_v0.9.8_vs_release\apps\myapps\final-project-rmiriyala\obj\release\ofxslidergroup.obj
c:\users\rahul\openframeworks\of_v0.9.8_vs_release\apps\myapps\final-project-rmiriyala\obj\release\ofapp.obj
c:\users\rahul\openframeworks\of_v0.9.8_vs_release\apps\myapps\final-project-rmiriyala\obj\release\ofxslider.obj
c:\users\rahul\openframeworks\of_v0.9.8_vs_release\apps\myapps\final-project-rmiriyala\obj\release\ofxdatguicomponent.obj
c:\users\rahul\openframeworks\of_v0.9.8_vs_release\apps\myapps\final-project-rmiriyala\obj\release\ofxsmartfont.obj
c:\users\rahul\openframeworks\of_v0.9.8_vs_release\apps\myapps\final-project-rmiriyala\obj\release\video_object.obj
c:\users\rahul\openframeworks\of_v0.9.8_vs_release\apps\myapps\final-project-rmiriyala\obj\release\ofxdatgui.obj
c:\users\rahul\openframeworks\of_v0.9.8_vs_release\apps\myapps\final-project-rmiriyala\obj\release\vc141.pdb
c:\users\rahul\openframeworks\of_v0.9.8_vs_release\apps\myapps\final-project-rmiriyala\bin\final-project-rmiriyala.lib
c:\users\rahul\openframeworks\of_v0.9.8_vs_release\apps\myapps\final-project-rmiriyala\bin\final-project-rmiriyala.exp
c:\users\rahul\openframeworks\of_v0.9.8_vs_release\apps\myapps\final-project-rmiriyala\bin\final-project-rmiriyala.exe
c:\users\rahul\openframeworks\of_v0.9.8_vs_release\apps\myapps\final-project-rmiriyala\obj\release\icon.res
c:\users\rahul\openframeworks\of_v0.9.8_vs_release\apps\myapps\final-project-rmiriyala\obj\release\final-pr.7fd42df7.tlog\cl.command.1.tlog
c:\users\rahul\openframeworks\of_v0.9.8_vs_release\apps\myapps\final-project-rmiriyala\obj\release\final-pr.7fd42df7.tlog\cl.read.1.tlog
c:\users\rahul\openframeworks\of_v0.9.8_vs_release\apps\myapps\final-project-rmiriyala\obj\release\final-pr.7fd42df7.tlog\cl.write.1.tlog
c:\users\rahul\openframeworks\of_v0.9.8_vs_release\apps\myapps\final-project-rmiriyala\obj\release\final-pr.7fd42df7.tlog\final-project-rmiriyala.write.1u.tlog
c:\users\rahul\openframeworks\of_v0.9.8_vs_release\apps\myapps\final-project-rmiriyala\obj\release\final-pr.7fd42df7.tlog\link.command.1.tlog
c:\users\rahul\openframeworks\of_v0.9.8_vs_release\apps\myapps\final-project-rmiriyala\obj\release\final-pr.7fd42df7.tlog\link.read.1.tlog
c:\users\rahul\openframeworks\of_v0.9.8_vs_release\apps\myapps\final-project-rmiriyala\obj\release\final-pr.7fd42df7.tlog\link.write.1.tlog
c:\users\rahul\openframeworks\of_v0.9.8_vs_release\apps\myapps\final-project-rmiriyala\obj\release\final-pr.7fd42df7.tlog\rc.command.1.tlog
c:\users\rahul\openframeworks\of_v0.9.8_vs_release\apps\myapps\final-project-rmiriyala\obj\release\final-pr.7fd42df7.tlog\rc.read.1.tlog
c:\users\rahul\openframeworks\of_v0.9.8_vs_release\apps\myapps\final-project-rmiriyala\obj\release\final-pr.7fd42df7.tlog\rc.write.1.tlog
